Build started 10/20/2013 12:36:14 AM.
     1>Project "C:\Users\Arnold\Documents\VersionControl\Perforce\edKeenan-Gam391-GameOptimization\student\alopez\PA4\PA3_Implicit\PA3_Implicit\PA3_Implicit.vcxproj" on node 2 (build target(s)).
     1>InitializeBuildStatus:
         Touching "Debug\PA3_Implicit.unsuccessfulbuild".
       ClCompile:
         All outputs are up-to-date.
       Link:
         c:\Program Files (x86)\Microsoft Visual Studio 10.0\VC\bin\link.exe /ERRORREPORT:PROMPT /OUT:"C:\Users\Arnold\Documents\VersionControl\Perforce\edKeenan-Gam391-GameOptimization\student\alopez\PA4\PA3_Implicit\Debug\PA3_Implicit.exe" /INCREMENTAL:NO /NOLOGO kernel32.lib user32.lib gdi32.lib winspool.lib comdlg32.lib advapi32.lib shell32.lib ole32.lib oleaut32.lib uuid.lib odbc32.lib odbccp32.lib /MANIFEST /ManifestFile:"Debug\PA3_Implicit.exe.intermediate.manifest" /MANIFESTUAC:"level='asInvoker' uiAccess='false'" /DEBUG /PDB:"C:\Users\Arnold\Documents\VersionControl\Perforce\edKeenan-Gam391-GameOptimization\student\alopez\PA4\PA3_Implicit\Debug\PA3_Implicit.pdb" /SUBSYSTEM:CONSOLE /TLBID:1 /DYNAMICBASE /NXCOMPAT /IMPLIB:"C:\Users\Arnold\Documents\VersionControl\Perforce\edKeenan-Gam391-GameOptimization\student\alopez\PA4\PA3_Implicit\Debug\PA3_Implicit.lib" /MACHINE:X86 Debug\main.obj
         Debug\output.obj
         Debug\stressTest.obj
         Debug\Timer.obj
         PA3_Implicit.vcxproj -> C:\Users\Arnold\Documents\VersionControl\Perforce\edKeenan-Gam391-GameOptimization\student\alopez\PA4\PA3_Implicit\Debug\PA3_Implicit.exe
       Manifest:
         C:\Program Files (x86)\Microsoft SDKs\Windows\v7.0A\bin\mt.exe /nologo /verbose /outputresource:"C:\Users\Arnold\Documents\VersionControl\Perforce\edKeenan-Gam391-GameOptimization\student\alopez\PA4\PA3_Implicit\Debug\PA3_Implicit.exe;#1" /manifest Debug\PA3_Implicit.exe.intermediate.manifest
       FinalizeBuildStatus:
         Deleting file "Debug\PA3_Implicit.unsuccessfulbuild".
         Touching "Debug\PA3_Implicit.lastbuildstate".
     1>Done Building Project "C:\Users\Arnold\Documents\VersionControl\Perforce\edKeenan-Gam391-GameOptimization\student\alopez\PA4\PA3_Implicit\PA3_Implicit\PA3_Implicit.vcxproj" (build target(s)).

Build succeeded.

Time Elapsed 00:00:23.54
